Unknown method or argument:0x556bef421900
Unknown method or argument:0x7f8267266c37
Unknown method or argument:0x1004
Unknown method or argument:0x1
Unknown method or argument:(nil)
Unknown method or argument:0x556bef4219a0
Unknown method or argument:(nil)
Unknown method or argument:0x556bef421720
Unknown method or argument:0x7fffed4cc7c0
Unknown method or argument:0x556bee8505a0
Unknown method or argument:0x62696c5f5f004554
Unknown method or argument:0x61655f63
Unknown method or argument:0x400000003
Unknown method or argument:0x556bef4219c0
Unknown method or argument:0x7024353125
Unknown method or argument:(nil)
Unknown method or argument:(nil)
Unknown method or argument:(nil)
Unknown method or argument:(nil)
Unknown method or argument:(nil)
Unknown method or argument:(nil)
Unknown method or argument:(nil)
Unknown method or argument:(nil)
Unknown method or argument:(nil)
Unknown method or argument:(nil)
Unknown method or argument:(nil)
Unknown method or argument:(nil)
Unknown method or argument:0x7082173f388cca00
Unknown method or argument:0x1
Unknown method or argument:0x7f82671966ca
Unknown method or argument:(nil)
Unknown method or argument:0x556bee850363
Unknown method or argument:0x100000000
Unknown method or argument:0x7fffed4cc8d8
Unknown method or argument:0x7fffed4cc8d8
Unknown method or argument:0xa798726dc66496fd
Unknown method or argument:(nil)
Unknown method or argument:0x7fffed4cc8e8
Unknown method or argument:0x556bee852cb8
Unknown method or argument:0x7f826739d000
Unknown method or argument:0x5867a8f449c696fd
Unknown method or argument:0x589cbc5f0b6296fd
Unknown method or argument:(nil)
Unknown method or argument:(nil)
Unknown method or argument:(nil)
Unknown method or argument:0x7fffed4cc8d8
Unknown method or argument:0x7fffed4cc8d8
Unknown method or argument:0x7082173f388cca00
Unknown method or argument:0xe
Unknown method or argument:0x7f8267196785
Unknown method or argument:0x556bee850363
Unknown method or argument:0x556bee852cb8
Unknown method or argument:(nil)
Unknown method or argument:(nil)
Unknown method or argument:(nil)
Unknown method or argument:0x556bee84f470
Unknown method or argument:0x7fffed4cc8d0
Unknown method or argument:(nil)
Unknown method or argument:(nil)
Unknown method or argument:0x556bee84f495
Unknown method or argument:0x7fffed4cc8c8
Unknown method or argument:0x38
Unknown method or argument:0x1
Unknown method or argument:0x7fffed4cd29d
Unknown method or argument:(nil)
Unknown method or argument:0x7fffed4cd2a6
Unknown method or argument:0x7fffed4cd2b5
Unknown method or argument:0x7fffed4cd2c9
Unknown method or argument:0x7fffed4cd2ec
Unknown method or argument:0x7fffed4cd322
Unknown method or argument:0x7fffed4cd343
Unknown method or argument:0x7fffed4cd350
Unknown method or argument:0x7fffed4cd36e
Unknown method or argument:0x7fffed4cd38a
Unknown method or argument:0x7fffed4cd3a6
Unknown method or argument:0x7fffed4cd3b6
Unknown method or argument:0x7fffed4cd3c7
Unknown method or argument:0x7fffed4cd3d1
Unknown method or argument:0x7fffed4cd3de
Unknown method or argument:0x7fffed4cd3fd
Unknown method or argument:0x7fffed4cd471
Unknown method or argument:0x7fffed4cd48f
Unknown method or argument:0x7fffed4cd4aa
Unknown method or argument:0x7fffed4cd4b9
Unknown method or argument:0x7fffed4cd4cc
Unknown method or argument:0x7fffed4cd4ea
Unknown method or argument:0x7fffed4cd505
Unknown method or argument:0x7fffed4cd551
Unknown method or argument:0x7fffed4cd564
Unknown method or argument:0x7fffed4cd577
Unknown method or argument:0x7fffed4cd5a5
Unknown method or argument:0x7fffed4cd5b9
Unknown method or argument:0x7fffed4cd5c3
Unknown method or argument:0x7fffed4cd5ce
Unknown method or argument:0x7fffed4cd5f0
Unknown method or argument:0x7fffed4cd609
Unknown method or argument:0x7fffed4cd622
Unknown method or argument:0x7fffed4cd66a
Unknown method or argument:0x7fffed4cd69a
Unknown method or argument:0x7fffed4cd6b0
Unknown method or argument:0x7fffed4cd6cf
Unknown method or argument:0x7fffed4cd6de
Unknown method or argument:0x7fffed4cd712
Unknown method or argument:0x7fffed4cd729
Unknown method or argument:0x7fffed4cd74e
Unknown method or argument:0x7fffed4cd75f
Unknown method or argument:0x7fffed4cd799
Unknown method or argument:0x7fffed4cd7ae
Unknown method or argument:0x7fffed4cd7b9
Unknown method or argument:0x7fffed4cd7fc
Unknown method or argument:0x7fffed4cd804
Unknown method or argument:0x7fffed4cd816
Unknown method or argument:0x7fffed4cdf39
Unknown method or argument:0x7fffed4cdf51
Unknown method or argument:0x7fffed4cdf69
Unknown method or argument:0x7fffed4cdf7e
Unknown method or argument:0x7fffed4cdf97
Unknown method or argument:0x7fffed4cdfac
Unknown method or argument:0x7fffed4cdfc4
Unknown method or argument:0x7fffed4cdfd9
Unknown method or argument:(nil)
Unknown method or argument:0x21
Unknown method or argument:0x7fffed593000
Unknown method or argument:0x33
Unknown method or argument:0x5a0
Unknown method or argument:0x10
Unknown method or argument:0x178bfbff
Unknown method or argument:0x6
Unknown method or argument:0x1000
Unknown method or argument:0x11
Unknown method or argument:0x64
Unknown method or argument:0x3
Unknown method or argument:0x556bee84e040
Unknown method or argument:0x4
Unknown method or argument:0x38
Unknown method or argument:0x5
Unknown method or argument:0xd
Unknown method or argument:0x7
Unknown method or argument:0x7f826736b000
Unknown method or argument:0x8
Unknown method or argument:(nil)
Unknown method or argument:0x9
Unknown method or argument:0x556bee84f470
Unknown method or argument:0xb
Unknown method or argument:0x3e8
Unknown method or argument:0xc
Unknown method or argument:0x3e8
Unknown method or argument:0xd
Unknown method or argument:0x3e8
Unknown method or argument:0xe
Unknown method or argument:0x3e8
Unknown method or argument:0x17
Unknown method or argument:(nil)
Unknown method or argument:0x19
Unknown method or argument:0x7fffed4ccc19
Unknown method or argument:0x1a
Unknown method or argument:0x2
Unknown method or argument:0x1f
Unknown method or argument:0x7fffed4cdfef
Unknown method or argument:0xf
Unknown method or argument:0x7fffed4ccc29
Unknown method or argument:0x1b
Unknown method or argument:0x1c
Unknown method or argument:0x1c
Unknown method or argument:0x20
Unknown method or argument:(nil)
Unknown method or argument:(nil)
Unknown method or argument:0x82173f388cca6400
Unknown method or argument:0x7ed3cc3936e33370
Unknown method or argument:0x34365f3638784b
Unknown method or argument:(nil)
Unknown method or argument:(nil)
Unknown method or argument:(nil)
Unknown method or argument:(nil)
Unknown method or argument:(nil)
Unknown method or argument:(nil)
Unknown method or argument:(nil)
Unknown method or argument:(nil)
Unknown method or argument:(nil)
Unknown method or argument:(nil)
Unknown method or argument:(nil)
Unknown method or argument:(nil)
Unknown method or argument:(nil)
Unknown method or argument:(nil)
Unknown method or argument:(nil)
Unknown method or argument:(nil)
Unknown method or argument:(nil)
Unknown method or argument:(nil)
Unknown method or argument:(nil)
Unknown method or argument:(nil)
Unknown method or argument:(nil)
Unknown method or argument:(nil)
Unknown method or argument:(nil)
Unknown method or argument:(nil)
Unknown method or argument:(nil)
Unknown method or argument:(nil)
Unknown method or argument:(nil)
Unknown method or argument:(nil)
Unknown method or argument:(nil)
